8051 Assembler           Version 1.00   01/19/123 23:15:05    Page 1
C:\IGOR\STUDIES\8051_assembly\aulas_2023\aula09\aula009_ex03.a51



    1 0000              ;
    2 0000              ; Aula 009 exemplo 01
    3 0000              ;
    4 0000              ;
    5 0000              
    6 0000                      org             0000h
    7 0000 7805                 mov             r0,#05d                 ;move a constante 5 para r0
    8 0002              start:
    9 0002 8890                 mov             p1,r0                   ;move o conteudo de r0 para p1
   10 0004 D8FC                 djnz            r0,start                ; r0 = r0-1 ou (r0--)
   11 0006                                                              ; r0 == 0:
   12 0006                                                              ; Não, desvia para label start
   13 0006 0106                 ajmp            $                       ; Sim, segurar o código nesta linha
   14 0008              
   15 0008                      end                                     ; final do programa

Defined Symbols:

Defined Labels:
  START                                     000002  2
